c:\users\hp\desktop\virtual-file-system\vfs\vfs\x64\debug\vc141.pdb
c:\users\hp\desktop\virtual-file-system\vfs\vfs\x64\debug\vc141.idb
c:\users\hp\desktop\virtual-file-system\vfs\vfs\x64\debug\vfs.obj
c:\users\hp\desktop\virtual-file-system\vfs\vfs\x64\debug\testsys.obj
c:\users\hp\desktop\virtual-file-system\vfs\vfs\x64\debug\main.obj
c:\users\hp\desktop\virtual-file-system\vfs\vfs\x64\debug\imgui_widgets.obj
c:\users\hp\desktop\virtual-file-system\vfs\vfs\x64\debug\imgui_impl_opengl3.obj
c:\users\hp\desktop\virtual-file-system\vfs\vfs\x64\debug\imgui_impl_glfw.obj
c:\users\hp\desktop\virtual-file-system\vfs\vfs\x64\debug\imgui_draw.obj
c:\users\hp\desktop\virtual-file-system\vfs\vfs\x64\debug\imgui.obj
c:\users\hp\desktop\virtual-file-system\vfs\vfs\x64\debug\wgl_core_4_4.obj
c:\users\hp\desktop\virtual-file-system\vfs\vfs\x64\debug\gl_core_4_4.obj
c:\users\hp\desktop\virtual-file-system\vfs\bin\vfs.exe
c:\users\hp\desktop\virtual-file-system\vfs\bin\vfs.ilk
c:\users\hp\desktop\virtual-file-system\vfs\bin\vfs.pdb
c:\users\hp\desktop\virtual-file-system\vfs\vfs\..\bin\vfs.exe
c:\users\hp\desktop\virtual-file-system\vfs\vfs\x64\debug\vfs.tlog\cl.command.1.tlog
c:\users\hp\desktop\virtual-file-system\vfs\vfs\x64\debug\vfs.tlog\cl.read.1.tlog
c:\users\hp\desktop\virtual-file-system\vfs\vfs\x64\debug\vfs.tlog\cl.write.1.tlog
c:\users\hp\desktop\virtual-file-system\vfs\vfs\x64\debug\vfs.tlog\link.command.1.tlog
c:\users\hp\desktop\virtual-file-system\vfs\vfs\x64\debug\vfs.tlog\link.read.1.tlog
c:\users\hp\desktop\virtual-file-system\vfs\vfs\x64\debug\vfs.tlog\link.write.1.tlog
